<?xml version="1.0" encoding="UTF-8"?>
<!-- Generated by org.testng.reporters.JUnitXMLReporter -->
<testsuite ignored="0" hostname="LAPTOP-PQ9GH8V5" failures="1" tests="3" name="Test" time="0.124" errors="0" timestamp="2021-03-08T08:04:22 IST">
  <testcase classname="TestNg2.Login" name="bankLogin" time="0.022">
    <failure type="java.lang.AssertionError" message="expected [Reddy] but found [Anush]">
      <![CDATA[java.lang.AssertionError: expected [Reddy] but found [Anush]
at TestNg2.Login.bankLogin(Login.java:17)
at java.base/java.util.ArrayList.forEach(ArrayList.java:1510)
... Removed 32 stack frames]]>
    </failure>
  </testcase> <!-- bankLogin -->
  <testcase classname="TestNg2.Login" name="fbLogin" time="0.002"/>
  <testcase classname="TestNg2.Login" name="gmailLogin" time="0.0">
    <skipped/>
  </testcase> <!-- gmailLogin -->
</testsuite> <!-- Test -->
